Unity Editor version:    6000.0.44f1 (101c91f3a8fb)
Branch:                  6000.0/release
Build type:              Release
Batch mode:              YES
macOS version:           Version 16.0 (Build 25A5279m)
Darwin version:          25.0.0
Architecture:            arm64
Running under Rosetta:   NO
Available memory:        8192 MB
Using pre-set license
Pro License: YES

COMMAND LINE ARGUMENTS:
/Applications/Unity/Hub/Editor/6000.0.44f1/Unity.app/Contents/MacOS/Unity
-adb2
-batchMode
-noUpm
-name
AssetImportWorker1
-projectPath
/Users/fishy_face_505/Coding Projects/2D-Imaginary-Game-Jam/2D Imaginary Game Jam
-logFile
Logs/AssetImportWorker1.log
-srvPort
53447
-job-worker-count
3
-background-job-worker-count
8
-gc-helper-count
1
Successfully changed project path to: /Users/fishy_face_505/Coding Projects/2D-Imaginary-Game-Jam/2D Imaginary Game Jam
/Users/fishy_face_505/Coding Projects/2D-Imaginary-Game-Jam/2D Imaginary Game Jam
[UnityMemory] Configuration Parameters - Can be set up in boot.config
    "memorysetup-bucket-allocator-granularity=16"
    "memorysetup-bucket-allocator-bucket-count=8"
    "memorysetup-bucket-allocator-block-size=33554432"
    "memorysetup-bucket-allocator-block-count=8"
    "memorysetup-main-allocator-block-size=16777216"
    "memorysetup-thread-allocator-block-size=16777216"
    "memorysetup-gfx-main-allocator-block-size=16777216"
    "memorysetup-gfx-thread-allocator-block-size=16777216"
    "memorysetup-cache-allocator-block-size=4194304"
    "memorysetup-typetree-allocator-block-size=2097152"
    "memorysetup-profiler-bucket-allocator-granularity=16"
    "memorysetup-profiler-bucket-allocator-bucket-count=8"
    "memorysetup-profiler-bucket-allocator-block-size=33554432"
    "memorysetup-profiler-bucket-allocator-block-count=8"
    "memorysetup-profiler-allocator-block-size=16777216"
    "memorysetup-profiler-editor-allocator-block-size=1048576"
    "memorysetup-temp-allocator-size-main=16777216"
    "memorysetup-job-temp-allocator-block-size=2097152"
    "memorysetup-job-temp-allocator-block-size-background=1048576"
    "memorysetup-job-temp-allocator-reduction-small-platforms=262144"
    "memorysetup-allocator-temp-initial-block-size-main=262144"
    "memorysetup-allocator-temp-initial-block-size-worker=262144"
    "memorysetup-temp-allocator-size-background-worker=32768"
    "memorysetup-temp-allocator-size-job-worker=262144"
    "memorysetup-temp-allocator-size-preload-manager=33554432"
    "memorysetup-temp-allocator-size-nav-mesh-worker=65536"
    "memorysetup-temp-allocator-size-audio-worker=65536"
    "memorysetup-temp-allocator-size-cloud-worker=32768"
    "memorysetup-temp-allocator-size-gi-baking-worker=262144"
    "memorysetup-temp-allocator-size-gi-baking-worker=262144"
    "memorysetup-temp-allocator-size-gi-baking-worker=262144"
    "memorysetup-temp-allocator-size-gi-baking-worker=262144"
    "memorysetup-temp-allocator-size-gi-baking-worker=262144"
    "memorysetup-temp-allocator-size-gfx=262144"
Player connection [8407065408]  Target information:

Player connection [8407065408]  * "[IP] 192.168.0.44 [Port] 0 [Flags] 2 [Guid] 3887528076 [EditorId] 3887528076 [Version] 1048832 [Id] OSXEditor(0,bradysmacbook-2632.local) [Debug] 1 [PackageName] OSXEditor [ProjectName] Editor" 

Player connection [8407065408] Host joined multi-casting on [225.0.0.222:54997]...
Player connection [8407065408] Host joined alternative multi-casting on [225.0.0.222:34997]...
JobSystem: Creating JobQueue using job-worker-count value 3
Input System module state changed to: Initialized.
[Physics::Module] Initialized fallback backend.
[Physics::Module] Id: 0xdecafbad
Library Redirect Path: Library/
[Physics::Module] Selected backend.
[Physics::Module] Name: PhysX
[Physics::Module] Id: 0xf2b8ea05
[Physics::Module] SDK Version: 4.1.2
[Physics::Module] Integration Version: 1.0.0
[Physics::Module] Threading Mode: Multi-Threaded
Refreshing native plugins compatible for Editor in 5.36 ms, found 3 plugins.
Preloading 0 native plugins for Editor in 0.00 ms.
Initialize engine version: 6000.0.44f1 (101c91f3a8fb)
[Subsystems] Discovering subsystems at path /Applications/Unity/Hub/Editor/6000.0.44f1/Unity.app/Contents/Resources/UnitySubsystems
[Subsystems] Discovering subsystems at path /Users/fishy_face_505/Coding Projects/2D-Imaginary-Game-Jam/2D Imaginary Game Jam/Assets
GfxDevice: creating device client; kGfxThreadingModeNonThreaded
 preferred device: Apple M1 (high power)
Metal devices available: 1
0: Apple M1 (high power)
Using device Apple M1 (high power)
Initializing Metal device caps: Apple M1
Initialize mono
Mono path[0] = '/Applications/Unity/Hub/Editor/6000.0.44f1/Unity.app/Contents/Managed'
Mono path[1] = '/Applications/Unity/Hub/Editor/6000.0.44f1/Unity.app/Contents/MonoBleedingEdge/lib/mono/unityjit-macos'
Mono config path = '/Applications/Unity/Hub/Editor/6000.0.44f1/Unity.app/Contents/MonoBleedingEdge/etc'
Using monoOptions --debugger-agent=transport=dt_socket,embedding=1,server=y,suspend=n,address=127.0.0.1:56505
Begin MonoManager ReloadAssembly
Registering precompiled unity dll's ...
Register platform support module: /Applications/Unity/Hub/Editor/6000.0.44f1/PlaybackEngines/WebGLSupport/UnityEditor.WebGL.Extensions.dll
Register platform support module: /Applications/Unity/Hub/Editor/6000.0.44f1/Unity.app/Contents/PlaybackEngines/MacStandaloneSupport/UnityEditor.OSXStandalone.Extensions.dll
Register platform support module: /Applications/Unity/Hub/Editor/6000.0.44f1/PlaybackEngines/WindowsStandaloneSupport/UnityEditor.WindowsStandalone.Extensions.dll
Register platform support module: /Applications/Unity/Hub/Editor/6000.0.44f1/PlaybackEngines/iOSSupport/UnityEditor.iOS.Extensions.dll
Register platform support module: /Applications/Unity/Hub/Editor/6000.0.44f1/PlaybackEngines/LinuxStandaloneSupport/UnityEditor.LinuxStandalone.Extensions.dll
Registered in 0.005109 seconds.
- Loaded All Assemblies, in  0.373 seconds
Native extension for LinuxStandalone target not found
[usbmuxd] Start listen thread
[usbmuxd] Listen thread started
[usbmuxd] Send listen message
Native extension for iOS target not found
Native extension for WindowsStandalone target not found
Native extension for OSXStandalone target not found
Native extension for WebGL target not found
Mono: successfully reloaded assembly
- Finished resetting the current domain, in  0.396 seconds
Domain Reload Profiling: 770ms
	BeginReloadAssembly (153ms)
		ExecutionOrderSort (0ms)
		DisableScriptedObjects (0ms)
		BackupInstance (0ms)
		ReleaseScriptingObjects (0ms)
		CreateAndSetChildDomain (1ms)
	RebuildCommonClasses (32ms)
	RebuildNativeTypeToScriptingClass (10ms)
	initialDomainReloadingComplete (40ms)
	LoadAllAssembliesAndSetupDomain (138ms)
		LoadAssemblies (155ms)
		RebuildTransferFunctionScriptingTraits (0ms)
		AnalyzeDomain (132ms)
			TypeCache.Refresh (131ms)
				TypeCache.ScanAssembly (115ms)
			BuildScriptInfoCaches (0ms)
			ResolveRequiredComponents (0ms)
	FinalizeReload (397ms)
		ReleaseScriptCaches (0ms)
		RebuildScriptCaches (0ms)
		SetupLoadedEditorAssemblies (329ms)
			LogAssemblyErrors (0ms)
			InitializePlatformSupportModulesInManaged (106ms)
			SetLoadedEditorAssemblies (4ms)
			BeforeProcessingInitializeOnLoad (48ms)
			ProcessInitializeOnLoadAttributes (107ms)
			ProcessInitializeOnLoadMethodAttributes (64ms)
			AfterProcessingInitializeOnLoad (0ms)
			EditorAssembliesLoaded (0ms)
		ExecutionOrderSort2 (0ms)
		AwakeInstancesAfterBackupRestoration (0ms)
========================================================================
Worker process is ready to serve import requests
Import Worker Mode flag is 0x00
Begin MonoManager ReloadAssembly
- Loaded All Assemblies, in  0.636 seconds
Refreshing native plugins compatible for Editor in 0.38 ms, found 3 plugins.
Native extension for LinuxStandalone target not found
Native extension for iOS target not found
Native extension for WindowsStandalone target not found
Native extension for OSXStandalone target not found
Native extension for WebGL target not found
Mono: successfully reloaded assembly
- Finished resetting the current domain, in  0.734 seconds
Domain Reload Profiling: 1369ms
	BeginReloadAssembly (89ms)
		ExecutionOrderSort (0ms)
		DisableScriptedObjects (4ms)
		BackupInstance (0ms)
		ReleaseScriptingObjects (0ms)
		CreateAndSetChildDomain (19ms)
	RebuildCommonClasses (27ms)
	RebuildNativeTypeToScriptingClass (10ms)
	initialDomainReloadingComplete (24ms)
	LoadAllAssembliesAndSetupDomain (486ms)
		LoadAssemblies (321ms)
		RebuildTransferFunctionScriptingTraits (0ms)
		AnalyzeDomain (207ms)
			TypeCache.Refresh (155ms)
				TypeCache.ScanAssembly (134ms)
			BuildScriptInfoCaches (43ms)
			ResolveRequiredComponents (7ms)
	FinalizeReload (734ms)
		ReleaseScriptCaches (0ms)
		RebuildScriptCaches (0ms)
		SetupLoadedEditorAssemblies (618ms)
			LogAssemblyErrors (0ms)
			InitializePlatformSupportModulesInManaged (14ms)
			SetLoadedEditorAssemblies (4ms)
			BeforeProcessingInitializeOnLoad (88ms)
			ProcessInitializeOnLoadAttributes (408ms)
			ProcessInitializeOnLoadMethodAttributes (104ms)
			AfterProcessingInitializeOnLoad (1ms)
			EditorAssembliesLoaded (0ms)
		ExecutionOrderSort2 (0ms)
		AwakeInstancesAfterBackupRestoration (2ms)
Launching external process: /Applications/Unity/Hub/Editor/6000.0.44f1/Unity.app/Contents/Tools/UnityShaderCompiler
Launched and connected shader compiler UnityShaderCompiler after 0.25 seconds
Refreshing native plugins compatible for Editor in 0.52 ms, found 3 plugins.
Preloading 0 native plugins for Editor in 0.00 ms.
Unloading 205 Unused Serialized files (Serialized files now loaded: 0)
Unloading 6560 unused Assets / (4.4 MB). Loaded Objects now: 7255.
Memory consumption went from 168.2 MB to 163.8 MB.
Total: 17.561542 ms (FindLiveObjects: 5.065834 ms CreateObjectMapping: 0.576541 ms MarkObjects: 6.852667 ms  DeleteObjects: 5.065083 ms)

========================================================================
Received Import Request.
  Time since last request: 490346.933712 seconds.
  path: Assets/Settings
  artifactKey: Guid(0220aab0833d04faeb927d84ca6cc40c) Importer(815301076,1909f56bfc062723c751e8b465ee728b)
Start importing Assets/Settings using Guid(0220aab0833d04faeb927d84ca6cc40c) Importer(815301076,1909f56bfc062723c751e8b465ee728b) (PreviewImporter) -> (artifact id: '62508b3dd32630cf358da27d8a59d33e') in 0.009882875 seconds
Number of updated asset objects reloaded before import = 0Number of asset objects unloaded after import = 0

========================================================================
Received Import Request.
  Time since last request: 0.000060 seconds.
  path: Assets/Scenes
  artifactKey: Guid(109e9bdd0fcc649c5bc59085c35bdc83) Importer(815301076,1909f56bfc062723c751e8b465ee728b)
Start importing Assets/Scenes using Guid(109e9bdd0fcc649c5bc59085c35bdc83) Importer(815301076,1909f56bfc062723c751e8b465ee728b) (PreviewImporter) -> (artifact id: 'afdff4c3a2fdaa6f8b2ca806ac4aa93d') in 0.000295167 seconds
Number of updated asset objects reloaded before import = 0Number of asset objects unloaded after import = 0

========================================================================
Received Import Request.
  Time since last request: 8.632496 seconds.
  path: Assets/Palettes/walls_5.asset
  artifactKey: Guid(847be5189b0204d95a87715e628f93e9) Importer(815301076,1909f56bfc062723c751e8b465ee728b)
Start importing Assets/Palettes/walls_5.asset using Guid(847be5189b0204d95a87715e628f93e9) Importer(815301076,1909f56bfc062723c751e8b465ee728b) (PreviewImporter) -> (artifact id: '56f3f22777048210b83350da71066772') in 0.11199725 seconds
Number of updated asset objects reloaded before import = 0Number of asset objects unloaded after import = 3

========================================================================
Received Import Request.
  Time since last request: 0.000081 seconds.
  path: Assets/Palettes/walls_11.asset
  artifactKey: Guid(7c25bb8bc91474d559cb2eea269046b5) Importer(815301076,1909f56bfc062723c751e8b465ee728b)
Start importing Assets/Palettes/walls_11.asset using Guid(7c25bb8bc91474d559cb2eea269046b5) Importer(815301076,1909f56bfc062723c751e8b465ee728b) (PreviewImporter) -> (artifact id: 'd90bc352fdc2c9ee7650fb6c5d812cc0') in 0.004706042 seconds
Number of updated asset objects reloaded before import = 0Number of asset objects unloaded after import = 3

========================================================================
Received Import Request.
  Time since last request: 0.000043 seconds.
  path: Assets/Palettes/walls_12.asset
  artifactKey: Guid(bfa93d82df52f44c18ea262d9a4c5646) Importer(815301076,1909f56bfc062723c751e8b465ee728b)
Start importing Assets/Palettes/walls_12.asset using Guid(bfa93d82df52f44c18ea262d9a4c5646) Importer(815301076,1909f56bfc062723c751e8b465ee728b) (PreviewImporter) -> (artifact id: '427047b4a10c1a1663fd3cc2d3f9f219') in 0.004208875 seconds
Number of updated asset objects reloaded before import = 0Number of asset objects unloaded after import = 3

========================================================================
Received Import Request.
  Time since last request: 0.000055 seconds.
  path: Assets/Palettes/walls_18.asset
  artifactKey: Guid(ab1a33413ad904ce99b2d3a550bf4a74) Importer(815301076,1909f56bfc062723c751e8b465ee728b)
Start importing Assets/Palettes/walls_18.asset using Guid(ab1a33413ad904ce99b2d3a550bf4a74) Importer(815301076,1909f56bfc062723c751e8b465ee728b) (PreviewImporter) -> (artifact id: '13e05a240c453ac6f7ea6e4f25ba6f77') in 0.003197083 seconds
Number of updated asset objects reloaded before import = 0Number of asset objects unloaded after import = 3

========================================================================
Received Import Request.
  Time since last request: 0.000067 seconds.
  path: Assets/Palettes/walls_13.asset
  artifactKey: Guid(702fb9d14c71f4afa8cdf8059b7ad632) Importer(815301076,1909f56bfc062723c751e8b465ee728b)
Start importing Assets/Palettes/walls_13.asset using Guid(702fb9d14c71f4afa8cdf8059b7ad632) Importer(815301076,1909f56bfc062723c751e8b465ee728b) (PreviewImporter) -> (artifact id: 'd660c45d8214b8a0dd5bd9720c03ef09') in 0.003421 seconds
Number of updated asset objects reloaded before import = 0Number of asset objects unloaded after import = 3

========================================================================
Received Import Request.
  Time since last request: 0.000139 seconds.
  path: Assets/Palettes/walls_8.asset
  artifactKey: Guid(7600ebfb06a2144cea42099fc725ede1) Importer(815301076,1909f56bfc062723c751e8b465ee728b)
Start importing Assets/Palettes/walls_8.asset using Guid(7600ebfb06a2144cea42099fc725ede1) Importer(815301076,1909f56bfc062723c751e8b465ee728b) (PreviewImporter) -> (artifact id: '3ed9d362dbd42b505b83dbf62bde2673') in 0.003537167 seconds
Number of updated asset objects reloaded before import = 0Number of asset objects unloaded after import = 3

========================================================================
Received Import Request.
  Time since last request: 0.000040 seconds.
  path: Assets/Palettes/walls_6.asset
  artifactKey: Guid(8af811983d4b44d94b4aeb82b029af36) Importer(815301076,1909f56bfc062723c751e8b465ee728b)
Start importing Assets/Palettes/walls_6.asset using Guid(8af811983d4b44d94b4aeb82b029af36) Importer(815301076,1909f56bfc062723c751e8b465ee728b) (PreviewImporter) -> (artifact id: '21a143a1b0c093d494a737a08c0be50e') in 0.00500125 seconds
Number of updated asset objects reloaded before import = 0Number of asset objects unloaded after import = 3

========================================================================
Received Import Request.
  Time since last request: 0.000046 seconds.
  path: Assets/Palettes/walls_15.asset
  artifactKey: Guid(0347ebd1863dd4c8dba67790d16d0d10) Importer(815301076,1909f56bfc062723c751e8b465ee728b)
Start importing Assets/Palettes/walls_15.asset using Guid(0347ebd1863dd4c8dba67790d16d0d10) Importer(815301076,1909f56bfc062723c751e8b465ee728b) (PreviewImporter) -> (artifact id: 'c9836534ced094b4789869ab9592b5de') in 0.003908125 seconds
Number of updated asset objects reloaded before import = 0Number of asset objects unloaded after import = 3

========================================================================
Received Import Request.
  Time since last request: 0.000102 seconds.
  path: Assets/Palettes/walls_14.asset
  artifactKey: Guid(855a6f584b5c341e0ac0a95fad1dde04) Importer(815301076,1909f56bfc062723c751e8b465ee728b)
Start importing Assets/Palettes/walls_14.asset using Guid(855a6f584b5c341e0ac0a95fad1dde04) Importer(815301076,1909f56bfc062723c751e8b465ee728b) (PreviewImporter) -> (artifact id: '7f3a143e8541e87f7588f75cc0aa9994') in 0.003542292 seconds
Number of updated asset objects reloaded before import = 0Number of asset objects unloaded after import = 3

========================================================================
Received Import Request.
  Time since last request: 0.000056 seconds.
  path: Assets/Palettes/walls_21.asset
  artifactKey: Guid(826296fafda2a4487a7184f778ab5092) Importer(815301076,1909f56bfc062723c751e8b465ee728b)
Start importing Assets/Palettes/walls_21.asset using Guid(826296fafda2a4487a7184f778ab5092) Importer(815301076,1909f56bfc062723c751e8b465ee728b) (PreviewImporter) -> (artifact id: '5674d122e3d0d06062452222925db86a') in 0.003818791 seconds
Number of updated asset objects reloaded before import = 0Number of asset objects unloaded after import = 3

========================================================================
Received Import Request.
  Time since last request: 0.000061 seconds.
  path: Assets/Palettes/walls_29.asset
  artifactKey: Guid(ef11c26223cdd41db87ee72aa7ccaa8e) Importer(815301076,1909f56bfc062723c751e8b465ee728b)
Start importing Assets/Palettes/walls_29.asset using Guid(ef11c26223cdd41db87ee72aa7ccaa8e) Importer(815301076,1909f56bfc062723c751e8b465ee728b) (PreviewImporter) -> (artifact id: 'dce40b7681092318a8eaa6b1e66418c5') in 0.004066334 seconds
Number of updated asset objects reloaded before import = 0Number of asset objects unloaded after import = 3

========================================================================
Received Import Request.
  Time since last request: 0.000047 seconds.
  path: Assets/Palettes/walls_17.asset
  artifactKey: Guid(ba753975a77a54a32b060a4624333dcf) Importer(815301076,1909f56bfc062723c751e8b465ee728b)
Start importing Assets/Palettes/walls_17.asset using Guid(ba753975a77a54a32b060a4624333dcf) Importer(815301076,1909f56bfc062723c751e8b465ee728b) (PreviewImporter) -> (artifact id: '0870c1d1d90fee0b433848868621bdb8') in 0.005334208 seconds
Number of updated asset objects reloaded before import = 0Number of asset objects unloaded after import = 3

========================================================================
Received Import Request.
  Time since last request: 0.000038 seconds.
  path: Assets/Palettes/walls_10.asset
  artifactKey: Guid(8cadd195ae6b24f28a8aebe383c131ef) Importer(815301076,1909f56bfc062723c751e8b465ee728b)
Start importing Assets/Palettes/walls_10.asset using Guid(8cadd195ae6b24f28a8aebe383c131ef) Importer(815301076,1909f56bfc062723c751e8b465ee728b) (PreviewImporter) -> (artifact id: '4bd7d0a9256d257b85a49bf44773813b') in 0.003311334 seconds
Number of updated asset objects reloaded before import = 0Number of asset objects unloaded after import = 3

========================================================================
Received Import Request.
  Time since last request: 0.000053 seconds.
  path: Assets/Palettes/walls_20.asset
  artifactKey: Guid(67452393a4e3f40dca32ded0b51b37d1) Importer(815301076,1909f56bfc062723c751e8b465ee728b)
Start importing Assets/Palettes/walls_20.asset using Guid(67452393a4e3f40dca32ded0b51b37d1) Importer(815301076,1909f56bfc062723c751e8b465ee728b) (PreviewImporter) -> (artifact id: 'cd8f84bd42744016697109c35ab56dc6') in 0.003084167 seconds
Number of updated asset objects reloaded before import = 0Number of asset objects unloaded after import = 3

========================================================================
Received Import Request.
  Time since last request: 0.325090 seconds.
  path: Assets/Palettes/walls_33.asset
  artifactKey: Guid(3bbce5dc8bb5544bca0136980172b1eb) Importer(815301076,1909f56bfc062723c751e8b465ee728b)
Start importing Assets/Palettes/walls_33.asset using Guid(3bbce5dc8bb5544bca0136980172b1eb) Importer(815301076,1909f56bfc062723c751e8b465ee728b) (PreviewImporter) -> (artifact id: 'd850efb84356d0f84c2420434291a378') in 0.004428084 seconds
Number of updated asset objects reloaded before import = 0Number of asset objects unloaded after import = 3

========================================================================
Received Import Request.
  Time since last request: 0.000083 seconds.
  path: Assets/Palettes/walls_36.asset
  artifactKey: Guid(62d38758fd0f54f4199ae45b7a3a65cb) Importer(815301076,1909f56bfc062723c751e8b465ee728b)
Start importing Assets/Palettes/walls_36.asset using Guid(62d38758fd0f54f4199ae45b7a3a65cb) Importer(815301076,1909f56bfc062723c751e8b465ee728b) (PreviewImporter) -> (artifact id: '7df9d94b16ecd920d482c647511217ab') in 0.006269958 seconds
Number of updated asset objects reloaded before import = 0Number of asset objects unloaded after import = 3

========================================================================
Received Import Request.
  Time since last request: 0.000050 seconds.
  path: Assets/Palettes/walls_37.asset
  artifactKey: Guid(19d388801fce649a2948f8d83bc6b54c) Importer(815301076,1909f56bfc062723c751e8b465ee728b)
Start importing Assets/Palettes/walls_37.asset using Guid(19d388801fce649a2948f8d83bc6b54c) Importer(815301076,1909f56bfc062723c751e8b465ee728b) (PreviewImporter) -> (artifact id: '983ad2256e7c115e9e346a52494e6c77') in 0.003521583 seconds
Number of updated asset objects reloaded before import = 0Number of asset objects unloaded after import = 3

========================================================================
Received Import Request.
  Time since last request: 0.000065 seconds.
  path: Assets/Palettes/walls_61.asset
  artifactKey: Guid(cc1cc3d13d1b54cd38cad0062c23cdf3) Importer(815301076,1909f56bfc062723c751e8b465ee728b)
Start importing Assets/Palettes/walls_61.asset using Guid(cc1cc3d13d1b54cd38cad0062c23cdf3) Importer(815301076,1909f56bfc062723c751e8b465ee728b) (PreviewImporter) -> (artifact id: 'e8d9f708635759a24faa20434558403c') in 0.003399458 seconds
Number of updated asset objects reloaded before import = 0Number of asset objects unloaded after import = 3

========================================================================
Received Import Request.
  Time since last request: 0.000037 seconds.
  path: Assets/Palettes/walls_72.asset
  artifactKey: Guid(ce03d0021655c4189aaf0e9766b177d0) Importer(815301076,1909f56bfc062723c751e8b465ee728b)
Start importing Assets/Palettes/walls_72.asset using Guid(ce03d0021655c4189aaf0e9766b177d0) Importer(815301076,1909f56bfc062723c751e8b465ee728b) (PreviewImporter) -> (artifact id: 'd16e197de8de9c6031ac4138febadb03') in 0.004017542 seconds
Number of updated asset objects reloaded before import = 0Number of asset objects unloaded after import = 3

========================================================================
Received Import Request.
  Time since last request: 0.000045 seconds.
  path: Assets/Palettes/walls_88.asset
  artifactKey: Guid(c10474d0833fc4987ace25ae5fcf30b3) Importer(815301076,1909f56bfc062723c751e8b465ee728b)
Start importing Assets/Palettes/walls_88.asset using Guid(c10474d0833fc4987ace25ae5fcf30b3) Importer(815301076,1909f56bfc062723c751e8b465ee728b) (PreviewImporter) -> (artifact id: '13542329726d8b0134a602d7bf9d20a7') in 0.004669667 seconds
Number of updated asset objects reloaded before import = 0Number of asset objects unloaded after import = 3

========================================================================
Received Import Request.
  Time since last request: 0.000054 seconds.
  path: Assets/Palettes/walls_90.asset
  artifactKey: Guid(b238f92134038485da0e9c91e3d29bee) Importer(815301076,1909f56bfc062723c751e8b465ee728b)
Start importing Assets/Palettes/walls_90.asset using Guid(b238f92134038485da0e9c91e3d29bee) Importer(815301076,1909f56bfc062723c751e8b465ee728b) (PreviewImporter) -> (artifact id: 'd7c257b2cba0143d537e57475faa8e4d') in 0.003824875 seconds
Number of updated asset objects reloaded before import = 0Number of asset objects unloaded after import = 3

========================================================================
Received Import Request.
  Time since last request: 0.000042 seconds.
  path: Assets/Palettes/walls_105.asset
  artifactKey: Guid(4313f7911472c41c197e387cfb9abff0) Importer(815301076,1909f56bfc062723c751e8b465ee728b)
Start importing Assets/Palettes/walls_105.asset using Guid(4313f7911472c41c197e387cfb9abff0) Importer(815301076,1909f56bfc062723c751e8b465ee728b) (PreviewImporter) -> (artifact id: '53982ae384b74fba0d12fba17fdd50ce') in 0.003413084 seconds
Number of updated asset objects reloaded before import = 0Number of asset objects unloaded after import = 3

========================================================================
Received Import Request.
  Time since last request: 0.000033 seconds.
  path: Assets/Palettes/walls_48.asset
  artifactKey: Guid(9e82f0ac69fbd48e383f4b23544d9bd4) Importer(815301076,1909f56bfc062723c751e8b465ee728b)
Start importing Assets/Palettes/walls_48.asset using Guid(9e82f0ac69fbd48e383f4b23544d9bd4) Importer(815301076,1909f56bfc062723c751e8b465ee728b) (PreviewImporter) -> (artifact id: 'ad560d88c6a9e3fac64a2f14eeb992db') in 0.003607208 seconds
Number of updated asset objects reloaded before import = 0Number of asset objects unloaded after import = 3

========================================================================
Received Import Request.
  Time since last request: 0.000061 seconds.
  path: Assets/Palettes/walls_34.asset
  artifactKey: Guid(6f3365394694c4b34a244a4ace1b51ec) Importer(815301076,1909f56bfc062723c751e8b465ee728b)
Start importing Assets/Palettes/walls_34.asset using Guid(6f3365394694c4b34a244a4ace1b51ec) Importer(815301076,1909f56bfc062723c751e8b465ee728b) (PreviewImporter) -> (artifact id: '8c8973963d9abffd3a6c22a2caead327') in 0.004269125 seconds
Number of updated asset objects reloaded before import = 0Number of asset objects unloaded after import = 3

========================================================================
Received Import Request.
  Time since last request: 0.000059 seconds.
  path: Assets/Palettes/walls_96.asset
  artifactKey: Guid(9de8539daa8ee4916b5f6f3837bd53cb) Importer(815301076,1909f56bfc062723c751e8b465ee728b)
Start importing Assets/Palettes/walls_96.asset using Guid(9de8539daa8ee4916b5f6f3837bd53cb) Importer(815301076,1909f56bfc062723c751e8b465ee728b) (PreviewImporter) -> (artifact id: '0d965794a4b59222b3c5543712146655') in 0.004414459 seconds
Number of updated asset objects reloaded before import = 0Number of asset objects unloaded after import = 3

========================================================================
Received Import Request.
  Time since last request: 0.000068 seconds.
  path: Assets/Palettes/walls_41.asset
  artifactKey: Guid(6ca67c8faf50f45a5a48080d9bcab255) Importer(815301076,1909f56bfc062723c751e8b465ee728b)
Start importing Assets/Palettes/walls_41.asset using Guid(6ca67c8faf50f45a5a48080d9bcab255) Importer(815301076,1909f56bfc062723c751e8b465ee728b) (PreviewImporter) -> (artifact id: '8e364cee1e5460f5f0af31da014fb3e8') in 0.00426025 seconds
Number of updated asset objects reloaded before import = 0Number of asset objects unloaded after import = 3

========================================================================
Received Import Request.
  Time since last request: 0.000046 seconds.
  path: Assets/Palettes/walls_107.asset
  artifactKey: Guid(f6a2253955dcc486b876dad27afa4c45) Importer(815301076,1909f56bfc062723c751e8b465ee728b)
Start importing Assets/Palettes/walls_107.asset using Guid(f6a2253955dcc486b876dad27afa4c45) Importer(815301076,1909f56bfc062723c751e8b465ee728b) (PreviewImporter) -> (artifact id: '62d1cbcbb3d2c3107ada1f1010d800b4') in 0.003566667 seconds
Number of updated asset objects reloaded before import = 0Number of asset objects unloaded after import = 3

========================================================================
Received Import Request.
  Time since last request: 0.000072 seconds.
  path: Assets/Palettes/walls_100.asset
  artifactKey: Guid(06503c6a5da4c4ddb9c20f5b24c0bd76) Importer(815301076,1909f56bfc062723c751e8b465ee728b)
Start importing Assets/Palettes/walls_100.asset using Guid(06503c6a5da4c4ddb9c20f5b24c0bd76) Importer(815301076,1909f56bfc062723c751e8b465ee728b) (PreviewImporter) -> (artifact id: 'b96ed0af631175905eb73365d3c980d0') in 0.005275083 seconds
Number of updated asset objects reloaded before import = 0Number of asset objects unloaded after import = 3

========================================================================
Received Import Request.
  Time since last request: 0.000055 seconds.
  path: Assets/Palettes/walls_42.asset
  artifactKey: Guid(adebf5cbdf6fe482cb46a9236d911549) Importer(815301076,1909f56bfc062723c751e8b465ee728b)
Start importing Assets/Palettes/walls_42.asset using Guid(adebf5cbdf6fe482cb46a9236d911549) Importer(815301076,1909f56bfc062723c751e8b465ee728b) (PreviewImporter) -> (artifact id: '5cf1e001d476c2d0b7b3a3643e0447ed') in 0.003204458 seconds
Number of updated asset objects reloaded before import = 0Number of asset objects unloaded after import = 3

========================================================================
Received Import Request.
  Time since last request: 0.000087 seconds.
  path: Assets/Palettes/walls_63.asset
  artifactKey: Guid(e231b2fa1ffab4b61898432759a2ecdd) Importer(815301076,1909f56bfc062723c751e8b465ee728b)
Start importing Assets/Palettes/walls_63.asset using Guid(e231b2fa1ffab4b61898432759a2ecdd) Importer(815301076,1909f56bfc062723c751e8b465ee728b) (PreviewImporter) -> (artifact id: 'c1ae7ab5a7a70e29484da327622c4f4b') in 0.003657083 seconds
Number of updated asset objects reloaded before import = 0Number of asset objects unloaded after import = 3

========================================================================
Received Import Request.
  Time since last request: 0.000069 seconds.
  path: Assets/Palettes/walls_39.asset
  artifactKey: Guid(4fd58c363989f4aab94aac032e8aaa36) Importer(815301076,1909f56bfc062723c751e8b465ee728b)
Start importing Assets/Palettes/walls_39.asset using Guid(4fd58c363989f4aab94aac032e8aaa36) Importer(815301076,1909f56bfc062723c751e8b465ee728b) (PreviewImporter) -> (artifact id: '374cd6bb1540f532f46c661ec8fd61ad') in 0.005393916 seconds
Number of updated asset objects reloaded before import = 0Number of asset objects unloaded after import = 3

========================================================================
Received Import Request.
  Time since last request: 0.000067 seconds.
  path: Assets/Palettes/walls_68.asset
  artifactKey: Guid(beb95bb34b69a4718a94b241741ec360) Importer(815301076,1909f56bfc062723c751e8b465ee728b)
Start importing Assets/Palettes/walls_68.asset using Guid(beb95bb34b69a4718a94b241741ec360) Importer(815301076,1909f56bfc062723c751e8b465ee728b) (PreviewImporter) -> (artifact id: '004f09fbe7a1086591395166f327decd') in 0.005039375 seconds
Number of updated asset objects reloaded before import = 0Number of asset objects unloaded after import = 3

========================================================================
Received Import Request.
  Time since last request: 0.000042 seconds.
  path: Assets/Palettes/walls_40.asset
  artifactKey: Guid(e17ce760f32e2412792dac31b21e1470) Importer(815301076,1909f56bfc062723c751e8b465ee728b)
Start importing Assets/Palettes/walls_40.asset using Guid(e17ce760f32e2412792dac31b21e1470) Importer(815301076,1909f56bfc062723c751e8b465ee728b) (PreviewImporter) -> (artifact id: '333d7e3854aa4dcf7a4bafa33a5dda05') in 0.003724625 seconds
Number of updated asset objects reloaded before import = 0Number of asset objects unloaded after import = 3

========================================================================
Received Import Request.
  Time since last request: 0.000055 seconds.
  path: Assets/Palettes/walls_35.asset
  artifactKey: Guid(1abb76e8de1e74ec981c4b369334ba2c) Importer(815301076,1909f56bfc062723c751e8b465ee728b)
Start importing Assets/Palettes/walls_35.asset using Guid(1abb76e8de1e74ec981c4b369334ba2c) Importer(815301076,1909f56bfc062723c751e8b465ee728b) (PreviewImporter) -> (artifact id: 'df2ae3043a9ecf2e16af757e0e5d410d') in 0.004429459 seconds
Number of updated asset objects reloaded before import = 0Number of asset objects unloaded after import = 3

========================================================================
Received Import Request.
  Time since last request: 0.000066 seconds.
  path: Assets/Palettes/walls_108.asset
  artifactKey: Guid(eb6e42abf89cc48e7b8d915e08a07e85) Importer(815301076,1909f56bfc062723c751e8b465ee728b)
Start importing Assets/Palettes/walls_108.asset using Guid(eb6e42abf89cc48e7b8d915e08a07e85) Importer(815301076,1909f56bfc062723c751e8b465ee728b) (PreviewImporter) -> (artifact id: '1940ef7ff98b45911f3e44197b4c3c28') in 0.0034215 seconds
Number of updated asset objects reloaded before import = 0Number of asset objects unloaded after import = 3

========================================================================
Received Import Request.
  Time since last request: 0.000035 seconds.
  path: Assets/Palettes/walls_99.asset
  artifactKey: Guid(c042ea5d183e44557a0b98510574f610) Importer(815301076,1909f56bfc062723c751e8b465ee728b)
Start importing Assets/Palettes/walls_99.asset using Guid(c042ea5d183e44557a0b98510574f610) Importer(815301076,1909f56bfc062723c751e8b465ee728b) (PreviewImporter) -> (artifact id: 'c135d4677cab761576b526a8f5aa9afc') in 0.004760708 seconds
Number of updated asset objects reloaded before import = 0Number of asset objects unloaded after import = 3

========================================================================
Received Import Request.
  Time since last request: 0.000036 seconds.
  path: Assets/Palettes/walls_46.asset
  artifactKey: Guid(7cf521f4539bf4fb8b0907d280cdc93d) Importer(815301076,1909f56bfc062723c751e8b465ee728b)
Start importing Assets/Palettes/walls_46.asset using Guid(7cf521f4539bf4fb8b0907d280cdc93d) Importer(815301076,1909f56bfc062723c751e8b465ee728b) (PreviewImporter) -> (artifact id: '5caa5ee8d32d23aad8b844cf9801e3e8') in 0.003627625 seconds
Number of updated asset objects reloaded before import = 0Number of asset objects unloaded after import = 3

========================================================================
Received Import Request.
  Time since last request: 0.000051 seconds.
  path: Assets/Palettes/walls_71.asset
  artifactKey: Guid(c751eec3e91cc4ca89421f92c265574d) Importer(815301076,1909f56bfc062723c751e8b465ee728b)
Start importing Assets/Palettes/walls_71.asset using Guid(c751eec3e91cc4ca89421f92c265574d) Importer(815301076,1909f56bfc062723c751e8b465ee728b) (PreviewImporter) -> (artifact id: '81ce37ba31890ece702d94e8a2af0c40') in 0.003285042 seconds
Number of updated asset objects reloaded before import = 0Number of asset objects unloaded after import = 3

========================================================================
Received Import Request.
  Time since last request: 0.000107 seconds.
  path: Assets/Palettes/walls_104.asset
  artifactKey: Guid(5327b9fb09823457b8a008b6b830fd58) Importer(815301076,1909f56bfc062723c751e8b465ee728b)
Start importing Assets/Palettes/walls_104.asset using Guid(5327b9fb09823457b8a008b6b830fd58) Importer(815301076,1909f56bfc062723c751e8b465ee728b) (PreviewImporter) -> (artifact id: 'c965024fddd397e7616bdef088eb6a21') in 0.003498334 seconds
Number of updated asset objects reloaded before import = 0Number of asset objects unloaded after import = 3

========================================================================
Received Import Request.
  Time since last request: 0.000062 seconds.
  path: Assets/Palettes/walls_73.asset
  artifactKey: Guid(ae4b6376a0a444409953904ba5a9b59a) Importer(815301076,1909f56bfc062723c751e8b465ee728b)
Start importing Assets/Palettes/walls_73.asset using Guid(ae4b6376a0a444409953904ba5a9b59a) Importer(815301076,1909f56bfc062723c751e8b465ee728b) (PreviewImporter) -> (artifact id: 'ba6658d3774ecd13542b95d071e30831') in 0.003551666 seconds
Number of updated asset objects reloaded before import = 0Number of asset objects unloaded after import = 3

========================================================================
Received Import Request.
  Time since last request: 0.000040 seconds.
  path: Assets/Palettes/walls_64.asset
  artifactKey: Guid(54204a91d25eb423ab7ec5818e961ccc) Importer(815301076,1909f56bfc062723c751e8b465ee728b)
Start importing Assets/Palettes/walls_64.asset using Guid(54204a91d25eb423ab7ec5818e961ccc) Importer(815301076,1909f56bfc062723c751e8b465ee728b) (PreviewImporter) -> (artifact id: 'a0fa27e2f9310ca8606e8107ef9c8fc4') in 0.003468708 seconds
Number of updated asset objects reloaded before import = 0Number of asset objects unloaded after import = 3

========================================================================
Received Import Request.
  Time since last request: 0.000033 seconds.
  path: Assets/Palettes/walls_82.asset
  artifactKey: Guid(553e4a51e3e174df6b4566583583b0a2) Importer(815301076,1909f56bfc062723c751e8b465ee728b)
Start importing Assets/Palettes/walls_82.asset using Guid(553e4a51e3e174df6b4566583583b0a2) Importer(815301076,1909f56bfc062723c751e8b465ee728b) (PreviewImporter) -> (artifact id: 'f785bfa05b1cb5f76a998d30c92845d9') in 0.0032125 seconds
Number of updated asset objects reloaded before import = 0Number of asset objects unloaded after import = 3

========================================================================
Received Import Request.
  Time since last request: 0.000040 seconds.
  path: Assets/Palettes/walls_54.asset
  artifactKey: Guid(0639543c174d448a596b02d76cfedeb6) Importer(815301076,1909f56bfc062723c751e8b465ee728b)
Start importing Assets/Palettes/walls_54.asset using Guid(0639543c174d448a596b02d76cfedeb6) Importer(815301076,1909f56bfc062723c751e8b465ee728b) (PreviewImporter) -> (artifact id: 'ca64fc491ab6f0f6c6253594abd622ed') in 0.004376083 seconds
Number of updated asset objects reloaded before import = 0Number of asset objects unloaded after import = 3

========================================================================
Received Import Request.
  Time since last request: 0.000082 seconds.
  path: Assets/Palettes/walls_52.asset
  artifactKey: Guid(2f04f0115f9b74eb2a96844bb9020269) Importer(815301076,1909f56bfc062723c751e8b465ee728b)
Start importing Assets/Palettes/walls_52.asset using Guid(2f04f0115f9b74eb2a96844bb9020269) Importer(815301076,1909f56bfc062723c751e8b465ee728b) (PreviewImporter) -> (artifact id: '137e868eeef0a2da7145ee3d2baabd5f') in 0.003230125 seconds
Number of updated asset objects reloaded before import = 0Number of asset objects unloaded after import = 3

========================================================================
Received Import Request.
  Time since last request: 0.000046 seconds.
  path: Assets/Palettes/walls_95.asset
  artifactKey: Guid(8ddbb8f308b2646208a0fd28b3fc0f3a) Importer(815301076,1909f56bfc062723c751e8b465ee728b)
Start importing Assets/Palettes/walls_95.asset using Guid(8ddbb8f308b2646208a0fd28b3fc0f3a) Importer(815301076,1909f56bfc062723c751e8b465ee728b) (PreviewImporter) -> (artifact id: 'dd394f7498424efce0d099f6b560e554') in 0.003450208 seconds
Number of updated asset objects reloaded before import = 0Number of asset objects unloaded after import = 3

========================================================================
Received Import Request.
  Time since last request: 0.000062 seconds.
  path: Assets/Palettes/walls_110.asset
  artifactKey: Guid(e8e1b0106f8b94ebba0652b1fadb8ab1) Importer(815301076,1909f56bfc062723c751e8b465ee728b)
Start importing Assets/Palettes/walls_110.asset using Guid(e8e1b0106f8b94ebba0652b1fadb8ab1) Importer(815301076,1909f56bfc062723c751e8b465ee728b) (PreviewImporter) -> (artifact id: 'f3abdc8e848cdcecf982712ad7805956') in 0.003304375 seconds
Number of updated asset objects reloaded before import = 0Number of asset objects unloaded after import = 3

========================================================================
Received Import Request.
  Time since last request: 0.000069 seconds.
  path: Assets/Palettes/walls_87.asset
  artifactKey: Guid(2ed106bfc309d40f3addb1925d5fb7cc) Importer(815301076,1909f56bfc062723c751e8b465ee728b)
Start importing Assets/Palettes/walls_87.asset using Guid(2ed106bfc309d40f3addb1925d5fb7cc) Importer(815301076,1909f56bfc062723c751e8b465ee728b) (PreviewImporter) -> (artifact id: '9f40065aa9401a85e23f538ea55d2511') in 0.004238666 seconds
Number of updated asset objects reloaded before import = 0Number of asset objects unloaded after import = 3

========================================================================
Received Import Request.
  Time since last request: 0.000041 seconds.
  path: Assets/Palettes/walls_75.asset
  artifactKey: Guid(918b4e1f078314d60bc19c9dbd0ec0ca) Importer(815301076,1909f56bfc062723c751e8b465ee728b)
Start importing Assets/Palettes/walls_75.asset using Guid(918b4e1f078314d60bc19c9dbd0ec0ca) Importer(815301076,1909f56bfc062723c751e8b465ee728b) (PreviewImporter) -> (artifact id: 'ee18c71bbee0d5b2518956f42683152d') in 0.004323375 seconds
Number of updated asset objects reloaded before import = 0Number of asset objects unloaded after import = 3

========================================================================
Received Import Request.
  Time since last request: 0.000056 seconds.
  path: Assets/Palettes/walls_77.asset
  artifactKey: Guid(a3ad1b1588602437aaa6b1682bf82927) Importer(815301076,1909f56bfc062723c751e8b465ee728b)
Start importing Assets/Palettes/walls_77.asset using Guid(a3ad1b1588602437aaa6b1682bf82927) Importer(815301076,1909f56bfc062723c751e8b465ee728b) (PreviewImporter) -> (artifact id: '9834ea279c3ce8bd23b71ca2ac0652d9') in 0.003567875 seconds
Number of updated asset objects reloaded before import = 0Number of asset objects unloaded after import = 3

========================================================================
Received Import Request.
  Time since last request: 0.000064 seconds.
  path: Assets/Palettes/walls_103.asset
  artifactKey: Guid(9be1a410b6cd14b019b6c08950b490a9) Importer(815301076,1909f56bfc062723c751e8b465ee728b)
Start importing Assets/Palettes/walls_103.asset using Guid(9be1a410b6cd14b019b6c08950b490a9) Importer(815301076,1909f56bfc062723c751e8b465ee728b) (PreviewImporter) -> (artifact id: 'f06fcf987847473ef126a71515e3ade3') in 0.003282792 seconds
Number of updated asset objects reloaded before import = 0Number of asset objects unloaded after import = 3

========================================================================
Received Import Request.
  Time since last request: 0.000054 seconds.
  path: Assets/Palettes/walls_86.asset
  artifactKey: Guid(3bcb65cf04c494a518d7bba10b29f449) Importer(815301076,1909f56bfc062723c751e8b465ee728b)
Start importing Assets/Palettes/walls_86.asset using Guid(3bcb65cf04c494a518d7bba10b29f449) Importer(815301076,1909f56bfc062723c751e8b465ee728b) (PreviewImporter) -> (artifact id: 'fc72a36684886573776be5ab6c3fbd13') in 0.004251208 seconds
Number of updated asset objects reloaded before import = 0Number of asset objects unloaded after import = 3

========================================================================
Received Import Request.
  Time since last request: 0.000052 seconds.
  path: Assets/Palettes/walls_80.asset
  artifactKey: Guid(6e7c12b6e8aa44bccb7a9c5a2d3ea74a) Importer(815301076,1909f56bfc062723c751e8b465ee728b)
Start importing Assets/Palettes/walls_80.asset using Guid(6e7c12b6e8aa44bccb7a9c5a2d3ea74a) Importer(815301076,1909f56bfc062723c751e8b465ee728b) (PreviewImporter) -> (artifact id: '37e1e41c5d24a3858bcd0e54c011ed41') in 0.003511292 seconds
Number of updated asset objects reloaded before import = 0Number of asset objects unloaded after import = 3

========================================================================
Received Import Request.
  Time since last request: 0.000056 seconds.
  path: Assets/Palettes/walls_47.asset
  artifactKey: Guid(2ccbf6fa98e624ef5912da79e4b4df12) Importer(815301076,1909f56bfc062723c751e8b465ee728b)
Start importing Assets/Palettes/walls_47.asset using Guid(2ccbf6fa98e624ef5912da79e4b4df12) Importer(815301076,1909f56bfc062723c751e8b465ee728b) (PreviewImporter) -> (artifact id: '77e2493778ae36b393fcb2bbe931f002') in 0.004228667 seconds
Number of updated asset objects reloaded before import = 0Number of asset objects unloaded after import = 3

========================================================================
Received Import Request.
  Time since last request: 0.000040 seconds.
  path: Assets/Palettes/walls_102.asset
  artifactKey: Guid(10357f0c09e214343b7a59df7121a62e) Importer(815301076,1909f56bfc062723c751e8b465ee728b)
Start importing Assets/Palettes/walls_102.asset using Guid(10357f0c09e214343b7a59df7121a62e) Importer(815301076,1909f56bfc062723c751e8b465ee728b) (PreviewImporter) -> (artifact id: 'be13f6bc468ac4b8abac7ec397728cec') in 0.003467958 seconds
Number of updated asset objects reloaded before import = 0Number of asset objects unloaded after import = 3

========================================================================
Received Import Request.
  Time since last request: 0.000065 seconds.
  path: Assets/Palettes/walls_78.asset
  artifactKey: Guid(bbdc61e5291cb40cdb77aa856bcd62b8) Importer(815301076,1909f56bfc062723c751e8b465ee728b)
Start importing Assets/Palettes/walls_78.asset using Guid(bbdc61e5291cb40cdb77aa856bcd62b8) Importer(815301076,1909f56bfc062723c751e8b465ee728b) (PreviewImporter) -> (artifact id: 'b90a3ceb064d3ca9fcc704e2af939b6f') in 0.004683833 seconds
Number of updated asset objects reloaded before import = 0Number of asset objects unloaded after import = 3

